Setting up network
Setting up trainer
Generalization: phoneme 0.682 stress 0.778
Generalization: phoneme 0.677 stress 0.743
Generalization: phoneme 0.731 stress 0.799
Generalization: phoneme 0.759 stress 0.789
Generalization: phoneme 0.770 stress 0.810
Generalization: phoneme 0.795 stress 0.797
Generalization: phoneme 0.795 stress 0.812
Generalization: phoneme 0.810 stress 0.809
Generalization: phoneme 0.815 stress 0.817
Generalization: phoneme 0.820 stress 0.812
Generalization: phoneme 0.824 stress 0.821
Generalization: phoneme 0.828 stress 0.823
Generalization: phoneme 0.827 stress 0.822
Generalization: phoneme 0.831 stress 0.826
Generalization: phoneme 0.832 stress 0.823
Generalization: phoneme 0.835 stress 0.828
Generalization: phoneme 0.836 stress 0.825
Generalization: phoneme 0.836 stress 0.828
Generalization: phoneme 0.838 stress 0.825
Setting up network
Setting up trainer
Generalization: phoneme 0.603 stress 0.749
Generalization: phoneme 0.679 stress 0.778
Generalization: phoneme 0.722 stress 0.791
Generalization: phoneme 0.727 stress 0.799
Generalization: phoneme 0.780 stress 0.793
Generalization: phoneme 0.781 stress 0.800
Generalization: phoneme 0.783 stress 0.802
Generalization: phoneme 0.803 stress 0.813
Generalization: phoneme 0.785 stress 0.798
Generalization: phoneme 0.761 stress 0.793
Generalization: phoneme 0.823 stress 0.810
Generalization: phoneme 0.821 stress 0.820
Generalization: phoneme 0.825 stress 0.817
Generalization: phoneme 0.843 stress 0.818
Generalization: phoneme 0.821 stress 0.815
Generalization: phoneme 0.839 stress 0.821
Generalization: phoneme 0.841 stress 0.821
Generalization: phoneme 0.840 stress 0.809
Generalization: phoneme 0.840 stress 0.823
Generalization: phoneme 0.825 stress 0.814
Generalization: phoneme 0.839 stress 0.821
Generalization: phoneme 0.849 stress 0.828
Generalization: phoneme 0.849 stress 0.824
Generalization: phoneme 0.855 stress 0.828
Generalization: phoneme 0.852 stress 0.827
Generalization: phoneme 0.856 stress 0.831
Generalization: phoneme 0.852 stress 0.829
Generalization: phoneme 0.853 stress 0.824
Generalization: phoneme 0.858 stress 0.836
Generalization: phoneme 0.854 stress 0.831
Generalization: phoneme 0.853 stress 0.832
Generalization: phoneme 0.854 stress 0.834
Generalization: phoneme 0.854 stress 0.837
Generalization: phoneme 0.862 stress 0.833
Generalization: phoneme 0.855 stress 0.838
Generalization: phoneme 0.854 stress 0.833
Generalization: phoneme 0.865 stress 0.829
Generalization: phoneme 0.859 stress 0.840
Generalization: phoneme 0.863 stress 0.832
Generalization: phoneme 0.861 stress 0.837
Generalization: phoneme 0.864 stress 0.837
Generalization: phoneme 0.856 stress 0.837
Generalization: phoneme 0.859 stress 0.836
Generalization: phoneme 0.863 stress 0.836
Generalization: phoneme 0.861 stress 0.840
Generalization: phoneme 0.862 stress 0.842
Generalization: phoneme 0.870 stress 0.837
Generalization: phoneme 0.862 stress 0.842
Generalization: phoneme 0.868 stress 0.838
Generalization: phoneme 0.861 stress 0.841
Generalization: phoneme 0.865 stress 0.832
Generalization: phoneme 0.868 stress 0.837
Generalization: phoneme 0.865 stress 0.836
Generalization: phoneme 0.866 stress 0.836
Generalization: phoneme 0.859 stress 0.839
Generalization: phoneme 0.863 stress 0.843
Generalization: phoneme 0.870 stress 0.827
Generalization: phoneme 0.866 stress 0.841
Generalization: phoneme 0.868 stress 0.841
Generalization: phoneme 0.858 stress 0.837
Generalization: phoneme 0.864 stress 0.835
Generalization: phoneme 0.868 stress 0.843
Generalization: phoneme 0.873 stress 0.830
Generalization: phoneme 0.869 stress 0.838
Generalization: phoneme 0.864 stress 0.840
Generalization: phoneme 0.867 stress 0.841
Generalization: phoneme 0.870 stress 0.838
Generalization: phoneme 0.868 stress 0.837
Generalization: phoneme 0.866 stress 0.844
Generalization: phoneme 0.870 stress 0.845
Generalization: phoneme 0.852 stress 0.838
Generalization: phoneme 0.873 stress 0.843
Generalization: phoneme 0.869 stress 0.838
Generalization: phoneme 0.865 stress 0.842
Generalization: phoneme 0.864 stress 0.841
Generalization: phoneme 0.868 stress 0.842
Generalization: phoneme 0.869 stress 0.839
Generalization: phoneme 0.868 stress 0.842
Generalization: phoneme 0.871 stress 0.843
Generalization: phoneme 0.870 stress 0.844
Generalization: phoneme 0.864 stress 0.843
Generalization: phoneme 0.872 stress 0.843
Generalization: phoneme 0.875 stress 0.839
Generalization: phoneme 0.872 stress 0.841
Generalization: phoneme 0.861 stress 0.841
Generalization: phoneme 0.868 stress 0.843
Generalization: phoneme 0.870 stress 0.843
Generalization: phoneme 0.868 stress 0.834
Generalization: phoneme 0.871 stress 0.845
Generalization: phoneme 0.869 stress 0.847
Generalization: phoneme 0.871 stress 0.845
Generalization: phoneme 0.874 stress 0.841
Generalization: phoneme 0.875 stress 0.844
Generalization: phoneme 0.873 stress 0.843
Generalization: phoneme 0.868 stress 0.842
Generalization: phoneme 0.870 stress 0.847
Generalization: phoneme 0.871 stress 0.839
Generalization: phoneme 0.872 stress 0.840
Generalization: phoneme 0.873 stress 0.843
Generalization: phoneme 0.868 stress 0.848
Setting up network
Setting up trainer
Generalization: phoneme 0.587 stress 0.711
Generalization: phoneme 0.662 stress 0.739
Generalization: phoneme 0.681 stress 0.784
Generalization: phoneme 0.736 stress 0.796
Generalization: phoneme 0.724 stress 0.797
Generalization: phoneme 0.757 stress 0.787
Generalization: phoneme 0.775 stress 0.807
Generalization: phoneme 0.785 stress 0.812
Generalization: phoneme 0.795 stress 0.797
Generalization: phoneme 0.802 stress 0.807
Generalization: phoneme 0.801 stress 0.811
Generalization: phoneme 0.813 stress 0.794
Generalization: phoneme 0.818 stress 0.802
Generalization: phoneme 0.822 stress 0.813
Generalization: phoneme 0.818 stress 0.813
Generalization: phoneme 0.836 stress 0.812
Generalization: phoneme 0.831 stress 0.818
Generalization: phoneme 0.832 stress 0.823
Generalization: phoneme 0.837 stress 0.821
Generalization: phoneme 0.843 stress 0.806
Generalization: phoneme 0.839 stress 0.822
Generalization: phoneme 0.854 stress 0.829
Generalization: phoneme 0.851 stress 0.826
Generalization: phoneme 0.850 stress 0.820
Generalization: phoneme 0.855 stress 0.826
Generalization: phoneme 0.854 stress 0.828
Generalization: phoneme 0.857 stress 0.829
Generalization: phoneme 0.856 stress 0.828
Generalization: phoneme 0.857 stress 0.828
Generalization: phoneme 0.860 stress 0.822
Generalization: phoneme 0.855 stress 0.825
Generalization: phoneme 0.851 stress 0.817
Generalization: phoneme 0.851 stress 0.821
Generalization: phoneme 0.849 stress 0.813
Generalization: phoneme 0.857 stress 0.829
Generalization: phoneme 0.858 stress 0.834
Generalization: phoneme 0.845 stress 0.818
Generalization: phoneme 0.854 stress 0.832
Generalization: phoneme 0.852 stress 0.833
Generalization: phoneme 0.864 stress 0.836
Generalization: phoneme 0.856 stress 0.834
Generalization: phoneme 0.863 stress 0.829
Generalization: phoneme 0.863 stress 0.835
Generalization: phoneme 0.861 stress 0.833
Generalization: phoneme 0.863 stress 0.824
Generalization: phoneme 0.865 stress 0.837
Generalization: phoneme 0.866 stress 0.839
Generalization: phoneme 0.867 stress 0.828
Generalization: phoneme 0.861 stress 0.816
Generalization: phoneme 0.866 stress 0.829
Generalization: phoneme 0.863 stress 0.836
Generalization: phoneme 0.863 stress 0.835
Generalization: phoneme 0.867 stress 0.838
Generalization: phoneme 0.857 stress 0.836
Generalization: phoneme 0.848 stress 0.835
Generalization: phoneme 0.867 stress 0.833
Generalization: phoneme 0.868 stress 0.836
Generalization: phoneme 0.870 stress 0.843
Generalization: phoneme 0.872 stress 0.846
Generalization: phoneme 0.870 stress 0.840
Generalization: phoneme 0.869 stress 0.833
Generalization: phoneme 0.870 stress 0.835
Generalization: phoneme 0.866 stress 0.833
Generalization: phoneme 0.872 stress 0.833
Generalization: phoneme 0.868 stress 0.843
Generalization: phoneme 0.875 stress 0.835
Generalization: phoneme 0.870 stress 0.842
Generalization: phoneme 0.868 stress 0.828
Generalization: phoneme 0.870 stress 0.843
Generalization: phoneme 0.865 stress 0.838
Generalization: phoneme 0.870 stress 0.841
Generalization: phoneme 0.870 stress 0.839
Generalization: phoneme 0.858 stress 0.837
Generalization: phoneme 0.870 stress 0.834
Generalization: phoneme 0.874 stress 0.843
Generalization: phoneme 0.877 stress 0.840
Generalization: phoneme 0.876 stress 0.845
Generalization: phoneme 0.873 stress 0.829
Generalization: phoneme 0.872 stress 0.836
Generalization: phoneme 0.871 stress 0.829
Generalization: phoneme 0.868 stress 0.839
Generalization: phoneme 0.873 stress 0.841
Generalization: phoneme 0.871 stress 0.841
Generalization: phoneme 0.874 stress 0.837
Generalization: phoneme 0.868 stress 0.845
Generalization: phoneme 0.875 stress 0.837
Generalization: phoneme 0.871 stress 0.840
Generalization: phoneme 0.869 stress 0.840
Generalization: phoneme 0.867 stress 0.843
Generalization: phoneme 0.869 stress 0.836
Generalization: phoneme 0.870 stress 0.836
Generalization: phoneme 0.873 stress 0.834
Generalization: phoneme 0.874 stress 0.844
Generalization: phoneme 0.872 stress 0.841
Generalization: phoneme 0.874 stress 0.846
Generalization: phoneme 0.877 stress 0.844
Generalization: phoneme 0.881 stress 0.839
Generalization: phoneme 0.871 stress 0.830
Generalization: phoneme 0.871 stress 0.837
Generalization: phoneme 0.870 stress 0.844
Generalization: phoneme 0.868 stress 0.833
Generalization: phoneme 0.874 stress 0.840
Generalization: phoneme 0.877 stress 0.841
Generalization: phoneme 0.875 stress 0.845
Generalization: phoneme 0.872 stress 0.844
Generalization: phoneme 0.874 stress 0.844
Generalization: phoneme 0.872 stress 0.845
Generalization: phoneme 0.869 stress 0.837
Generalization: phoneme 0.874 stress 0.840
Generalization: phoneme 0.878 stress 0.843
Generalization: phoneme 0.874 stress 0.846
Generalization: phoneme 0.875 stress 0.843
Generalization: phoneme 0.870 stress 0.838
Generalization: phoneme 0.878 stress 0.848
Generalization: phoneme 0.875 stress 0.839
Generalization: phoneme 0.877 stress 0.841
Generalization: phoneme 0.876 stress 0.841
Generalization: phoneme 0.876 stress 0.844
Generalization: phoneme 0.873 stress 0.830
Generalization: phoneme 0.877 stress 0.838
Generalization: phoneme 0.875 stress 0.846
Generalization: phoneme 0.876 stress 0.842
Generalization: phoneme 0.869 stress 0.836
Generalization: phoneme 0.879 stress 0.847
Generalization: phoneme 0.875 stress 0.848
Generalization: phoneme 0.874 stress 0.844
Generalization: phoneme 0.879 stress 0.845
Generalization: phoneme 0.876 stress 0.845
Generalization: phoneme 0.876 stress 0.846
Generalization: phoneme 0.879 stress 0.847
Generalization: phoneme 0.879 stress 0.839
Generalization: phoneme 0.880 stress 0.846
Generalization: phoneme 0.877 stress 0.845
Generalization: phoneme 0.875 stress 0.841
Generalization: phoneme 0.875 stress 0.843
Generalization: phoneme 0.879 stress 0.848
Generalization: phoneme 0.877 stress 0.842
Generalization: phoneme 0.878 stress 0.846
Generalization: phoneme 0.881 stress 0.851
Generalization: phoneme 0.880 stress 0.847
Generalization: phoneme 0.873 stress 0.849
Generalization: phoneme 0.875 stress 0.836
Generalization: phoneme 0.879 stress 0.850
Generalization: phoneme 0.879 stress 0.847
Generalization: phoneme 0.877 stress 0.845
Generalization: phoneme 0.874 stress 0.845
Generalization: phoneme 0.876 stress 0.846
Generalization: phoneme 0.876 stress 0.848
Generalization: phoneme 0.877 stress 0.845
Generalization: phoneme 0.878 stress 0.848
Generalization: phoneme 0.878 stress 0.846
Generalization: phoneme 0.878 stress 0.835
Generalization: phoneme 0.878 stress 0.844
Generalization: phoneme 0.880 stress 0.844
Generalization: phoneme 0.877 stress 0.840
Generalization: phoneme 0.875 stress 0.840
Generalization: phoneme 0.880 stress 0.852
Generalization: phoneme 0.879 stress 0.846
Generalization: phoneme 0.878 stress 0.850
Generalization: phoneme 0.879 stress 0.847
Generalization: phoneme 0.878 stress 0.844
Generalization: phoneme 0.878 stress 0.848
Generalization: phoneme 0.881 stress 0.842
Generalization: phoneme 0.875 stress 0.847
Generalization: phoneme 0.877 stress 0.842
Generalization: phoneme 0.878 stress 0.848
Generalization: phoneme 0.879 stress 0.841
Generalization: phoneme 0.879 stress 0.845
Generalization: phoneme 0.880 stress 0.844
Generalization: phoneme 0.879 stress 0.846
Generalization: phoneme 0.881 stress 0.844
Generalization: phoneme 0.881 stress 0.847
Generalization: phoneme 0.880 stress 0.844
Generalization: phoneme 0.879 stress 0.847
Generalization: phoneme 0.879 stress 0.850
Generalization: phoneme 0.880 stress 0.847
Generalization: phoneme 0.875 stress 0.846
Generalization: phoneme 0.881 stress 0.837
Generalization: phoneme 0.875 stress 0.843
Setting up network
Setting up trainer
Generalization: phoneme 0.665 stress 0.771
Generalization: phoneme 0.699 stress 0.792
Generalization: phoneme 0.740 stress 0.773
Generalization: phoneme 0.757 stress 0.796
Generalization: phoneme 0.787 stress 0.800
Generalization: phoneme 0.794 stress 0.804
Generalization: phoneme 0.796 stress 0.804
Generalization: phoneme 0.797 stress 0.807
Generalization: phoneme 0.815 stress 0.812
Generalization: phoneme 0.814 stress 0.810
Generalization: phoneme 0.812 stress 0.813
Generalization: phoneme 0.815 stress 0.818
Generalization: phoneme 0.824 stress 0.820
Generalization: phoneme 0.820 stress 0.823
Generalization: phoneme 0.814 stress 0.815
Generalization: phoneme 0.820 stress 0.820
Generalization: phoneme 0.831 stress 0.820
Generalization: phoneme 0.831 stress 0.826
Generalization: phoneme 0.831 stress 0.821
Setting up network
Setting up trainer
Generalization: phoneme 0.632 stress 0.754
Generalization: phoneme 0.650 stress 0.755
Generalization: phoneme 0.719 stress 0.781
Generalization: phoneme 0.760 stress 0.780
Generalization: phoneme 0.772 stress 0.785
Generalization: phoneme 0.772 stress 0.796
Generalization: phoneme 0.773 stress 0.809
Generalization: phoneme 0.793 stress 0.812
Generalization: phoneme 0.799 stress 0.808
Generalization: phoneme 0.784 stress 0.784
Generalization: phoneme 0.820 stress 0.795
Generalization: phoneme 0.813 stress 0.813
Generalization: phoneme 0.828 stress 0.821
Generalization: phoneme 0.833 stress 0.822
Generalization: phoneme 0.834 stress 0.808
Generalization: phoneme 0.836 stress 0.816
Generalization: phoneme 0.836 stress 0.822
Generalization: phoneme 0.838 stress 0.824
Generalization: phoneme 0.838 stress 0.823
Generalization: phoneme 0.821 stress 0.817
Generalization: phoneme 0.844 stress 0.819
Generalization: phoneme 0.844 stress 0.831
Generalization: phoneme 0.848 stress 0.823
Generalization: phoneme 0.845 stress 0.822
Generalization: phoneme 0.839 stress 0.828
Generalization: phoneme 0.850 stress 0.829
Generalization: phoneme 0.857 stress 0.829
Generalization: phoneme 0.848 stress 0.829
Generalization: phoneme 0.845 stress 0.834
Generalization: phoneme 0.849 stress 0.834
Generalization: phoneme 0.856 stress 0.826
Generalization: phoneme 0.854 stress 0.835
Generalization: phoneme 0.854 stress 0.825
Generalization: phoneme 0.857 stress 0.834
Generalization: phoneme 0.858 stress 0.833
Generalization: phoneme 0.859 stress 0.834
Generalization: phoneme 0.865 stress 0.836
Generalization: phoneme 0.857 stress 0.832
Generalization: phoneme 0.860 stress 0.839
Generalization: phoneme 0.865 stress 0.840
Generalization: phoneme 0.855 stress 0.832
Generalization: phoneme 0.859 stress 0.834
Generalization: phoneme 0.860 stress 0.834
Generalization: phoneme 0.854 stress 0.830
Generalization: phoneme 0.858 stress 0.831
Generalization: phoneme 0.860 stress 0.839
Generalization: phoneme 0.865 stress 0.836
Generalization: phoneme 0.858 stress 0.826
Generalization: phoneme 0.866 stress 0.835
Generalization: phoneme 0.866 stress 0.840
Generalization: phoneme 0.866 stress 0.837
Generalization: phoneme 0.857 stress 0.836
Generalization: phoneme 0.864 stress 0.840
Generalization: phoneme 0.861 stress 0.839
Generalization: phoneme 0.867 stress 0.841
Generalization: phoneme 0.862 stress 0.836
Generalization: phoneme 0.869 stress 0.842
Generalization: phoneme 0.870 stress 0.840
Generalization: phoneme 0.865 stress 0.840
Generalization: phoneme 0.866 stress 0.835
Generalization: phoneme 0.860 stress 0.837
Generalization: phoneme 0.866 stress 0.844
Generalization: phoneme 0.864 stress 0.842
Generalization: phoneme 0.863 stress 0.842
Generalization: phoneme 0.869 stress 0.840
Generalization: phoneme 0.868 stress 0.839
Generalization: phoneme 0.866 stress 0.836
Generalization: phoneme 0.859 stress 0.834
Generalization: phoneme 0.868 stress 0.845
Generalization: phoneme 0.872 stress 0.845
Generalization: phoneme 0.868 stress 0.843
Generalization: phoneme 0.867 stress 0.839
Generalization: phoneme 0.869 stress 0.846
Generalization: phoneme 0.868 stress 0.850
Generalization: phoneme 0.867 stress 0.843
Generalization: phoneme 0.861 stress 0.842
Generalization: phoneme 0.868 stress 0.845
Generalization: phoneme 0.865 stress 0.842
Generalization: phoneme 0.869 stress 0.843
Generalization: phoneme 0.867 stress 0.834
Generalization: phoneme 0.868 stress 0.839
Generalization: phoneme 0.868 stress 0.840
Generalization: phoneme 0.872 stress 0.843
Generalization: phoneme 0.870 stress 0.846
Generalization: phoneme 0.872 stress 0.845
Generalization: phoneme 0.867 stress 0.846
Generalization: phoneme 0.873 stress 0.846
Generalization: phoneme 0.865 stress 0.838
Generalization: phoneme 0.871 stress 0.835
Generalization: phoneme 0.869 stress 0.843
Generalization: phoneme 0.868 stress 0.841
Generalization: phoneme 0.870 stress 0.838
Generalization: phoneme 0.872 stress 0.841
Generalization: phoneme 0.864 stress 0.843
Generalization: phoneme 0.875 stress 0.840
Generalization: phoneme 0.873 stress 0.846
Generalization: phoneme 0.868 stress 0.843
Generalization: phoneme 0.870 stress 0.838
Generalization: phoneme 0.873 stress 0.848
Generalization: phoneme 0.870 stress 0.843
Generalization: phoneme 0.866 stress 0.845
Setting up network
Setting up trainer
Generalization: phoneme 0.629 stress 0.701
Generalization: phoneme 0.674 stress 0.757
Generalization: phoneme 0.723 stress 0.784
Generalization: phoneme 0.735 stress 0.794
Generalization: phoneme 0.746 stress 0.803
Generalization: phoneme 0.773 stress 0.797
Generalization: phoneme 0.794 stress 0.804
Generalization: phoneme 0.800 stress 0.815
Generalization: phoneme 0.801 stress 0.809
Generalization: phoneme 0.799 stress 0.812
Generalization: phoneme 0.822 stress 0.809
Generalization: phoneme 0.814 stress 0.815
Generalization: phoneme 0.821 stress 0.814
Generalization: phoneme 0.830 stress 0.820
Generalization: phoneme 0.825 stress 0.813
Generalization: phoneme 0.826 stress 0.820
Generalization: phoneme 0.832 stress 0.820
Generalization: phoneme 0.827 stress 0.822
Generalization: phoneme 0.840 stress 0.829
Generalization: phoneme 0.842 stress 0.827
Generalization: phoneme 0.846 stress 0.827
Generalization: phoneme 0.842 stress 0.830
Generalization: phoneme 0.838 stress 0.821
Generalization: phoneme 0.849 stress 0.832
Generalization: phoneme 0.858 stress 0.833
Generalization: phoneme 0.852 stress 0.833
Generalization: phoneme 0.855 stress 0.832
Generalization: phoneme 0.853 stress 0.832
Generalization: phoneme 0.849 stress 0.836
Generalization: phoneme 0.857 stress 0.824
Generalization: phoneme 0.852 stress 0.830
Generalization: phoneme 0.858 stress 0.837
Generalization: phoneme 0.853 stress 0.831
Generalization: phoneme 0.857 stress 0.828
Generalization: phoneme 0.861 stress 0.824
Generalization: phoneme 0.852 stress 0.833
Generalization: phoneme 0.854 stress 0.831
Generalization: phoneme 0.857 stress 0.834
Generalization: phoneme 0.862 stress 0.836
Generalization: phoneme 0.851 stress 0.840
Generalization: phoneme 0.863 stress 0.835
Generalization: phoneme 0.863 stress 0.828
Generalization: phoneme 0.867 stress 0.833
Generalization: phoneme 0.864 stress 0.835
Generalization: phoneme 0.868 stress 0.836
Generalization: phoneme 0.862 stress 0.836
Generalization: phoneme 0.866 stress 0.838
Generalization: phoneme 0.867 stress 0.835
Generalization: phoneme 0.857 stress 0.832
Generalization: phoneme 0.862 stress 0.844
Generalization: phoneme 0.859 stress 0.834
Generalization: phoneme 0.860 stress 0.832
Generalization: phoneme 0.868 stress 0.840
Generalization: phoneme 0.868 stress 0.838
Generalization: phoneme 0.867 stress 0.840
Generalization: phoneme 0.868 stress 0.839
Generalization: phoneme 0.865 stress 0.844
Generalization: phoneme 0.869 stress 0.845
Generalization: phoneme 0.867 stress 0.837
Generalization: phoneme 0.870 stress 0.838
Generalization: phoneme 0.873 stress 0.843
Generalization: phoneme 0.866 stress 0.843
Generalization: phoneme 0.868 stress 0.838
Generalization: phoneme 0.872 stress 0.841
Generalization: phoneme 0.869 stress 0.846
Generalization: phoneme 0.866 stress 0.837
Generalization: phoneme 0.861 stress 0.830
Generalization: phoneme 0.862 stress 0.841
Generalization: phoneme 0.861 stress 0.837
Generalization: phoneme 0.859 stress 0.829
Generalization: phoneme 0.873 stress 0.844
Generalization: phoneme 0.861 stress 0.842
Generalization: phoneme 0.862 stress 0.844
Generalization: phoneme 0.871 stress 0.842
Generalization: phoneme 0.874 stress 0.848
Generalization: phoneme 0.872 stress 0.846
Generalization: phoneme 0.873 stress 0.848
Generalization: phoneme 0.871 stress 0.842
Generalization: phoneme 0.874 stress 0.847
Generalization: phoneme 0.872 stress 0.844
Generalization: phoneme 0.870 stress 0.838
Generalization: phoneme 0.875 stress 0.844
Generalization: phoneme 0.873 stress 0.841
Generalization: phoneme 0.870 stress 0.843
Generalization: phoneme 0.860 stress 0.838
Generalization: phoneme 0.869 stress 0.847
Generalization: phoneme 0.871 stress 0.845
Generalization: phoneme 0.871 stress 0.844
Generalization: phoneme 0.876 stress 0.851
Generalization: phoneme 0.871 stress 0.846
Generalization: phoneme 0.865 stress 0.844
Generalization: phoneme 0.874 stress 0.840
Generalization: phoneme 0.874 stress 0.846
Generalization: phoneme 0.873 stress 0.848
Generalization: phoneme 0.875 stress 0.850
Generalization: phoneme 0.874 stress 0.840
Generalization: phoneme 0.875 stress 0.846
Generalization: phoneme 0.873 stress 0.839
Generalization: phoneme 0.870 stress 0.845
Generalization: phoneme 0.875 stress 0.842
Generalization: phoneme 0.873 stress 0.848
Generalization: phoneme 0.876 stress 0.838
Generalization: phoneme 0.864 stress 0.842
Generalization: phoneme 0.873 stress 0.844
Generalization: phoneme 0.877 stress 0.842
Generalization: phoneme 0.863 stress 0.845
Generalization: phoneme 0.879 stress 0.850
Generalization: phoneme 0.877 stress 0.847
Generalization: phoneme 0.870 stress 0.839
Generalization: phoneme 0.874 stress 0.843
Generalization: phoneme 0.878 stress 0.847
Generalization: phoneme 0.873 stress 0.849
Generalization: phoneme 0.875 stress 0.853
Generalization: phoneme 0.875 stress 0.840
Generalization: phoneme 0.877 stress 0.844
Generalization: phoneme 0.875 stress 0.848
Generalization: phoneme 0.867 stress 0.846
Generalization: phoneme 0.874 stress 0.845
Generalization: phoneme 0.877 stress 0.848
Generalization: phoneme 0.877 stress 0.846
Generalization: phoneme 0.869 stress 0.847
Generalization: phoneme 0.874 stress 0.845
Generalization: phoneme 0.878 stress 0.845
Generalization: phoneme 0.864 stress 0.847
Generalization: phoneme 0.875 stress 0.851
Generalization: phoneme 0.879 stress 0.845
Generalization: phoneme 0.877 stress 0.846
Generalization: phoneme 0.871 stress 0.841
Generalization: phoneme 0.878 stress 0.850
Generalization: phoneme 0.869 stress 0.848
Generalization: phoneme 0.874 stress 0.851
Generalization: phoneme 0.877 stress 0.847
Generalization: phoneme 0.878 stress 0.847
Generalization: phoneme 0.876 stress 0.844
Generalization: phoneme 0.870 stress 0.845
Generalization: phoneme 0.877 stress 0.847
Generalization: phoneme 0.878 stress 0.851
Generalization: phoneme 0.877 stress 0.843
Generalization: phoneme 0.871 stress 0.843
Generalization: phoneme 0.877 stress 0.852
Generalization: phoneme 0.879 stress 0.845
Generalization: phoneme 0.866 stress 0.847
Generalization: phoneme 0.877 stress 0.851
Generalization: phoneme 0.878 stress 0.848
Generalization: phoneme 0.873 stress 0.848
Generalization: phoneme 0.871 stress 0.847
Generalization: phoneme 0.875 stress 0.850
Generalization: phoneme 0.873 stress 0.848
Generalization: phoneme 0.876 stress 0.848
Generalization: phoneme 0.877 stress 0.852
Generalization: phoneme 0.879 stress 0.846
Generalization: phoneme 0.873 stress 0.845
Generalization: phoneme 0.875 stress 0.844
Generalization: phoneme 0.873 stress 0.850
Generalization: phoneme 0.874 stress 0.850
Generalization: phoneme 0.876 stress 0.846
Generalization: phoneme 0.876 stress 0.844
Generalization: phoneme 0.879 stress 0.851
Generalization: phoneme 0.877 stress 0.844
Generalization: phoneme 0.869 stress 0.849
Generalization: phoneme 0.879 stress 0.850
Generalization: phoneme 0.868 stress 0.841
Generalization: phoneme 0.876 stress 0.852
Generalization: phoneme 0.871 stress 0.848
Generalization: phoneme 0.876 stress 0.848
Generalization: phoneme 0.872 stress 0.847
Generalization: phoneme 0.876 stress 0.839
Generalization: phoneme 0.876 stress 0.852
Generalization: phoneme 0.875 stress 0.851
Generalization: phoneme 0.879 stress 0.851
Generalization: phoneme 0.876 stress 0.846
Generalization: phoneme 0.874 stress 0.849
Generalization: phoneme 0.872 stress 0.849
Generalization: phoneme 0.875 stress 0.848
Generalization: phoneme 0.874 stress 0.848
Generalization: phoneme 0.881 stress 0.851
Generalization: phoneme 0.875 stress 0.848
Generalization: phoneme 0.870 stress 0.851
Generalization: phoneme 0.877 stress 0.850
Setting up network
Setting up trainer
Generalization: phoneme 0.639 stress 0.756
Generalization: phoneme 0.677 stress 0.777
Generalization: phoneme 0.742 stress 0.793
Generalization: phoneme 0.765 stress 0.803
Generalization: phoneme 0.781 stress 0.804
Generalization: phoneme 0.777 stress 0.808
Generalization: phoneme 0.805 stress 0.813
Generalization: phoneme 0.814 stress 0.800
Generalization: phoneme 0.815 stress 0.812
Generalization: phoneme 0.819 stress 0.810
Generalization: phoneme 0.827 stress 0.809
Generalization: phoneme 0.829 stress 0.816
Generalization: phoneme 0.833 stress 0.821
Generalization: phoneme 0.830 stress 0.814
Generalization: phoneme 0.833 stress 0.816
Generalization: phoneme 0.834 stress 0.818
Generalization: phoneme 0.833 stress 0.821
Generalization: phoneme 0.838 stress 0.820
Generalization: phoneme 0.834 stress 0.814
Generalization: phoneme 0.837 stress 0.818
Setting up network
Setting up trainer
Generalization: phoneme 0.604 stress 0.719
Generalization: phoneme 0.673 stress 0.762
Generalization: phoneme 0.717 stress 0.785
Generalization: phoneme 0.719 stress 0.792
Generalization: phoneme 0.770 stress 0.798
Generalization: phoneme 0.771 stress 0.802
Generalization: phoneme 0.761 stress 0.811
Generalization: phoneme 0.796 stress 0.803
Generalization: phoneme 0.811 stress 0.813
Generalization: phoneme 0.787 stress 0.805
Generalization: phoneme 0.810 stress 0.801
Generalization: phoneme 0.816 stress 0.811
Generalization: phoneme 0.814 stress 0.813
Generalization: phoneme 0.831 stress 0.816
Generalization: phoneme 0.829 stress 0.803
Generalization: phoneme 0.835 stress 0.821
Generalization: phoneme 0.839 stress 0.822
Generalization: phoneme 0.838 stress 0.827
Generalization: phoneme 0.833 stress 0.807
Generalization: phoneme 0.828 stress 0.819
Generalization: phoneme 0.818 stress 0.809
Generalization: phoneme 0.849 stress 0.821
Generalization: phoneme 0.847 stress 0.831
Generalization: phoneme 0.851 stress 0.816
Generalization: phoneme 0.845 stress 0.824
Generalization: phoneme 0.853 stress 0.817
Generalization: phoneme 0.855 stress 0.830
Generalization: phoneme 0.849 stress 0.827
Generalization: phoneme 0.853 stress 0.834
Generalization: phoneme 0.845 stress 0.824
Generalization: phoneme 0.852 stress 0.824
Generalization: phoneme 0.856 stress 0.827
Generalization: phoneme 0.853 stress 0.835
Generalization: phoneme 0.855 stress 0.826
Generalization: phoneme 0.854 stress 0.825
Generalization: phoneme 0.861 stress 0.833
Generalization: phoneme 0.859 stress 0.830
Generalization: phoneme 0.854 stress 0.826
Generalization: phoneme 0.862 stress 0.833
Generalization: phoneme 0.848 stress 0.829
Generalization: phoneme 0.860 stress 0.832
Generalization: phoneme 0.862 stress 0.834
Generalization: phoneme 0.855 stress 0.839
Generalization: phoneme 0.856 stress 0.825
Generalization: phoneme 0.852 stress 0.834
Generalization: phoneme 0.862 stress 0.835
Generalization: phoneme 0.862 stress 0.832
Generalization: phoneme 0.859 stress 0.824
Generalization: phoneme 0.866 stress 0.840
Generalization: phoneme 0.850 stress 0.832
Generalization: phoneme 0.862 stress 0.834
Generalization: phoneme 0.866 stress 0.836
Generalization: phoneme 0.857 stress 0.835
Generalization: phoneme 0.860 stress 0.822
Generalization: phoneme 0.858 stress 0.836
Generalization: phoneme 0.867 stress 0.836
Generalization: phoneme 0.861 stress 0.838
Generalization: phoneme 0.859 stress 0.831
Generalization: phoneme 0.863 stress 0.838
Generalization: phoneme 0.857 stress 0.840
Generalization: phoneme 0.861 stress 0.834
Generalization: phoneme 0.866 stress 0.828
Generalization: phoneme 0.866 stress 0.829
Generalization: phoneme 0.864 stress 0.826
Generalization: phoneme 0.866 stress 0.835
Generalization: phoneme 0.868 stress 0.840
Generalization: phoneme 0.867 stress 0.837
Generalization: phoneme 0.862 stress 0.836
Generalization: phoneme 0.866 stress 0.839
Generalization: phoneme 0.857 stress 0.838
Generalization: phoneme 0.863 stress 0.840
Generalization: phoneme 0.867 stress 0.833
Generalization: phoneme 0.866 stress 0.835
Generalization: phoneme 0.862 stress 0.838
Generalization: phoneme 0.871 stress 0.840
Generalization: phoneme 0.866 stress 0.837
Generalization: phoneme 0.868 stress 0.839
Generalization: phoneme 0.860 stress 0.833
Generalization: phoneme 0.864 stress 0.842
Generalization: phoneme 0.866 stress 0.840
Generalization: phoneme 0.860 stress 0.839
Generalization: phoneme 0.870 stress 0.839
Generalization: phoneme 0.865 stress 0.840
Generalization: phoneme 0.864 stress 0.842
Generalization: phoneme 0.867 stress 0.843
Generalization: phoneme 0.870 stress 0.837
Generalization: phoneme 0.870 stress 0.838
Generalization: phoneme 0.859 stress 0.833
Generalization: phoneme 0.868 stress 0.844
Generalization: phoneme 0.868 stress 0.835
Generalization: phoneme 0.857 stress 0.840
Generalization: phoneme 0.869 stress 0.841
Generalization: phoneme 0.859 stress 0.830
Generalization: phoneme 0.866 stress 0.842
Generalization: phoneme 0.868 stress 0.841
Generalization: phoneme 0.870 stress 0.843
Generalization: phoneme 0.872 stress 0.842
Generalization: phoneme 0.862 stress 0.838
Generalization: phoneme 0.868 stress 0.845
Generalization: phoneme 0.872 stress 0.842
Setting up network
Setting up trainer
Generalization: phoneme 0.599 stress 0.711
Generalization: phoneme 0.670 stress 0.761
Generalization: phoneme 0.694 stress 0.786
Generalization: phoneme 0.746 stress 0.780
Generalization: phoneme 0.760 stress 0.790
Generalization: phoneme 0.767 stress 0.806
Generalization: phoneme 0.782 stress 0.798
Generalization: phoneme 0.800 stress 0.801
Generalization: phoneme 0.806 stress 0.808
Generalization: phoneme 0.812 stress 0.817
Generalization: phoneme 0.809 stress 0.815
Generalization: phoneme 0.812 stress 0.821
Generalization: phoneme 0.817 stress 0.820
Generalization: phoneme 0.828 stress 0.821
Generalization: phoneme 0.832 stress 0.819
Generalization: phoneme 0.840 stress 0.826
Generalization: phoneme 0.832 stress 0.821
Generalization: phoneme 0.832 stress 0.816
Generalization: phoneme 0.837 stress 0.825
Generalization: phoneme 0.843 stress 0.815
Generalization: phoneme 0.848 stress 0.826
Generalization: phoneme 0.847 stress 0.826
Generalization: phoneme 0.849 stress 0.808
Generalization: phoneme 0.851 stress 0.827
Generalization: phoneme 0.850 stress 0.819
Generalization: phoneme 0.843 stress 0.831
Generalization: phoneme 0.864 stress 0.830
Generalization: phoneme 0.855 stress 0.823
Generalization: phoneme 0.855 stress 0.830
Generalization: phoneme 0.850 stress 0.829
Generalization: phoneme 0.845 stress 0.834
Generalization: phoneme 0.854 stress 0.835
Generalization: phoneme 0.861 stress 0.827
Generalization: phoneme 0.856 stress 0.833
Generalization: phoneme 0.858 stress 0.830
Generalization: phoneme 0.857 stress 0.830
Generalization: phoneme 0.861 stress 0.832
Generalization: phoneme 0.865 stress 0.825
Generalization: phoneme 0.867 stress 0.836
Generalization: phoneme 0.868 stress 0.833
Generalization: phoneme 0.863 stress 0.821
Generalization: phoneme 0.863 stress 0.835
Generalization: phoneme 0.863 stress 0.827
Generalization: phoneme 0.861 stress 0.836
Generalization: phoneme 0.873 stress 0.839
Generalization: phoneme 0.860 stress 0.834
Generalization: phoneme 0.865 stress 0.836
Generalization: phoneme 0.862 stress 0.839
Generalization: phoneme 0.856 stress 0.838
Generalization: phoneme 0.865 stress 0.839
Generalization: phoneme 0.868 stress 0.834
Generalization: phoneme 0.863 stress 0.833
Generalization: phoneme 0.867 stress 0.840
Generalization: phoneme 0.862 stress 0.839
Generalization: phoneme 0.868 stress 0.839
Generalization: phoneme 0.868 stress 0.832
Generalization: phoneme 0.874 stress 0.840
Generalization: phoneme 0.873 stress 0.838
Generalization: phoneme 0.865 stress 0.832
Generalization: phoneme 0.866 stress 0.842
Generalization: phoneme 0.866 stress 0.833
Generalization: phoneme 0.870 stress 0.846
Generalization: phoneme 0.875 stress 0.845
Generalization: phoneme 0.865 stress 0.836
Generalization: phoneme 0.869 stress 0.837
Generalization: phoneme 0.869 stress 0.844
Generalization: phoneme 0.862 stress 0.842
Generalization: phoneme 0.870 stress 0.839
Generalization: phoneme 0.869 stress 0.832
Generalization: phoneme 0.869 stress 0.840
Generalization: phoneme 0.870 stress 0.845
Generalization: phoneme 0.867 stress 0.841
Generalization: phoneme 0.873 stress 0.842
Generalization: phoneme 0.871 stress 0.839
Generalization: phoneme 0.875 stress 0.843
Generalization: phoneme 0.874 stress 0.843
Generalization: phoneme 0.864 stress 0.835
Generalization: phoneme 0.869 stress 0.838
Generalization: phoneme 0.871 stress 0.838
Generalization: phoneme 0.869 stress 0.845
Generalization: phoneme 0.875 stress 0.849
Generalization: phoneme 0.869 stress 0.837
Generalization: phoneme 0.867 stress 0.839
Generalization: phoneme 0.873 stress 0.846
Generalization: phoneme 0.865 stress 0.843
Generalization: phoneme 0.869 stress 0.846
Generalization: phoneme 0.871 stress 0.839
Generalization: phoneme 0.872 stress 0.845
Generalization: phoneme 0.869 stress 0.845
Generalization: phoneme 0.870 stress 0.839
Generalization: phoneme 0.874 stress 0.843
Generalization: phoneme 0.874 stress 0.834
Generalization: phoneme 0.876 stress 0.844
Generalization: phoneme 0.877 stress 0.847
Generalization: phoneme 0.868 stress 0.835
Generalization: phoneme 0.868 stress 0.844
Generalization: phoneme 0.871 stress 0.841
Generalization: phoneme 0.867 stress 0.843
Generalization: phoneme 0.877 stress 0.850
Generalization: phoneme 0.871 stress 0.838
Generalization: phoneme 0.869 stress 0.841
Generalization: phoneme 0.874 stress 0.842
Generalization: phoneme 0.872 stress 0.845
Generalization: phoneme 0.867 stress 0.846
Generalization: phoneme 0.874 stress 0.845
Generalization: phoneme 0.874 stress 0.847
Generalization: phoneme 0.868 stress 0.846
Generalization: phoneme 0.870 stress 0.842
Generalization: phoneme 0.875 stress 0.843
Generalization: phoneme 0.876 stress 0.839
Generalization: phoneme 0.877 stress 0.845
Generalization: phoneme 0.876 stress 0.845
Generalization: phoneme 0.870 stress 0.838
Generalization: phoneme 0.871 stress 0.847
Generalization: phoneme 0.873 stress 0.845
Generalization: phoneme 0.868 stress 0.842
Generalization: phoneme 0.878 stress 0.850
Generalization: phoneme 0.873 stress 0.841
Generalization: phoneme 0.872 stress 0.843
Generalization: phoneme 0.875 stress 0.846
Generalization: phoneme 0.869 stress 0.841
Generalization: phoneme 0.869 stress 0.847
Generalization: phoneme 0.877 stress 0.848
Generalization: phoneme 0.874 stress 0.848
Generalization: phoneme 0.869 stress 0.848
Generalization: phoneme 0.876 stress 0.845
Generalization: phoneme 0.875 stress 0.845
Generalization: phoneme 0.878 stress 0.839
Generalization: phoneme 0.878 stress 0.848
Generalization: phoneme 0.876 stress 0.845
Generalization: phoneme 0.872 stress 0.841
Generalization: phoneme 0.873 stress 0.848
Generalization: phoneme 0.875 stress 0.845
Generalization: phoneme 0.875 stress 0.844
Generalization: phoneme 0.879 stress 0.849
Generalization: phoneme 0.870 stress 0.844
Generalization: phoneme 0.875 stress 0.848
Generalization: phoneme 0.876 stress 0.848
Generalization: phoneme 0.869 stress 0.838
Generalization: phoneme 0.871 stress 0.849
Generalization: phoneme 0.879 stress 0.850
Generalization: phoneme 0.875 stress 0.847
Generalization: phoneme 0.869 stress 0.848
Generalization: phoneme 0.878 stress 0.843
Generalization: phoneme 0.876 stress 0.848
Generalization: phoneme 0.878 stress 0.839
Generalization: phoneme 0.879 stress 0.849
Generalization: phoneme 0.878 stress 0.845
Generalization: phoneme 0.874 stress 0.845
Generalization: phoneme 0.876 stress 0.849
Generalization: phoneme 0.877 stress 0.849
Generalization: phoneme 0.877 stress 0.843
Generalization: phoneme 0.882 stress 0.850
Generalization: phoneme 0.876 stress 0.846
Generalization: phoneme 0.877 stress 0.850
Generalization: phoneme 0.880 stress 0.845
Generalization: phoneme 0.869 stress 0.839
Generalization: phoneme 0.875 stress 0.851
Generalization: phoneme 0.883 stress 0.850
Generalization: phoneme 0.877 stress 0.847
Generalization: phoneme 0.873 stress 0.848
Generalization: phoneme 0.882 stress 0.845
Generalization: phoneme 0.879 stress 0.845
Generalization: phoneme 0.881 stress 0.838
Generalization: phoneme 0.881 stress 0.850
Generalization: phoneme 0.881 stress 0.846
Generalization: phoneme 0.877 stress 0.845
Generalization: phoneme 0.880 stress 0.848
Generalization: phoneme 0.879 stress 0.849
Generalization: phoneme 0.879 stress 0.845
Generalization: phoneme 0.885 stress 0.849
Generalization: phoneme 0.879 stress 0.846
Generalization: phoneme 0.877 stress 0.849
Generalization: phoneme 0.882 stress 0.844
Generalization: phoneme 0.865 stress 0.842
Generalization: phoneme 0.876 stress 0.853
Generalization: phoneme 0.884 stress 0.849
Generalization: phoneme 0.875 stress 0.845
Generalization: phoneme 0.875 stress 0.850
([1000], [0.68237083216693273], [0.77806359846564732])
([2000, 3000], [0.67747573256262628, 0.73096623364832447], [0.74263276160789271, 0.79935387711559847])
([4000, 5000], [0.75887662381878296, 0.7704296641522852], [0.78924591255400123, 0.81005954317447593])
([6000, 7000], [0.79451930424519379, 0.79472358197211235], [0.79740188994726613, 0.81179968677415204])
([8000, 9000], [0.80986283128929504, 0.81523457892307805], [0.80918190553290004, 0.81723196114183683])
([10000, 11000], [0.81972868891528528, 0.82430602316660739], [0.81166350162287304, 0.82076520923335328])
([12000, 13000], [0.8276047301642544, 0.82675735588962951], [0.82258857709214439, 0.82205140232876606])
([14000, 15000], [0.8313119926157384, 0.83243930303465907], [0.82556951873680706, 0.82346621473372017])
([16000, 17000], [0.83460313377164774, 0.83569261498187974], [0.82752907174687718, 0.82500208060647784])
([18000, 19000], [0.83554886398886308, 0.83750085115719552], [0.82837644602150218, 0.82460865683611628])
([1000, 2000, 3000, 4000, 5000, 6000, 7000, 8000, 9000, 10000], [0.60321985346774643, 0.67884096292623808, 0.72161626177491323, 0.7271800804274775, 0.77991241117170718, 0.780738720872583, 0.78285958243816456, 0.80280118988596927, 0.78533851154079215, 0.76133421473034757], [0.74944912686608278, 0.7781909326282157, 0.79064066545474576, 0.79865586955324186, 0.79345011843772384, 0.80023962981325403, 0.80180961824491814, 0.81307497383352612, 0.79791219082245357, 0.79307827907232964])
([11000, 12000, 13000, 14000, 15000, 16000, 17000, 18000, 19000, 20000], [0.82275656916212192, 0.8210488624469785, 0.82511155180961826, 0.84294606952018947, 0.82122789621550152, 0.83929653500798762, 0.84092161075304361, 0.8397647771718173, 0.83997135459703631, 0.82478102792926788], [0.8097421913733267, 0.82000220349253561, 0.81676582383077179, 0.81830826860574013, 0.81470004957858211, 0.82084228502175949, 0.82100754696193468, 0.80921886189610537, 0.82293560293064505, 0.81439706935492762])
([21000, 22000, 23000, 24000, 25000, 26000, 27000, 28000, 29000, 30000], [0.83910372941111666, 0.84937751335867351, 0.84896435850823559, 0.85501019115297749, 0.85235222828182666, 0.85626342753263929, 0.85226959731173912, 0.85255880570704567, 0.85834297361317691, 0.85407370682531814], [0.82124166804384946, 0.82815512587451112, 0.82362419434804168, 0.82754916542720214, 0.82710846692006834, 0.83122624359609976, 0.82855450889660109, 0.82351401972125826, 0.83633559191318241, 0.83082686057400978])
([31000, 32000, 33000, 34000, 35000, 36000, 37000, 38000, 39000, 40000], [0.85306836335591907, 0.8535503773480968, 0.85434914339227674, 0.86247452211755626, 0.85539580234671952, 0.85417010962375362, 0.86462292733983359, 0.85943094805266351, 0.86309425439321319, 0.86080813088745667], [0.83234176169228224, 0.83389797829559853, 0.83709304247231864, 0.83289263482619957, 0.83774031840467145, 0.83320938687820201, 0.82905029471712666, 0.83966837437338182, 0.83170825758827749, 0.83659725665179308])
([41000, 42000, 43000, 44000, 45000, 46000, 47000, 48000, 49000, 50000], [0.86383793312400159, 0.85629097118933506, 0.85910042417231314, 0.86342477827356356, 0.86094584917093597, 0.86157935327494073, 0.86955324188839311, 0.86218531372224971, 0.86787307882994547, 0.86054646614884589], [0.83718944527075412, 0.83705172698727481, 0.83572963146587342, 0.83643199471161789, 0.84030187847738669, 0.84185809508070286, 0.83717567344240618, 0.84163774582713602, 0.83838759433702414, 0.84082520795460802])
([51000, 52000, 53000, 54000, 55000, 56000, 57000, 58000, 59000, 60000], [0.86522888778714258, 0.86770781688977028, 0.8646917864815733, 0.86634440588332506, 0.85915551148570479, 0.86317688536330084, 0.87035200793257317, 0.86572467360766814, 0.86751501129289921, 0.85773701316586792], [0.83225913072219471, 0.83690023687544757, 0.83563322866743794, 0.83592243706274449, 0.83900732661268107, 0.84262931746818714, 0.82714978240511217, 0.84077012064121637, 0.84061863052938912, 0.83655594116674936])
([61000, 62000, 63000, 64000, 65000, 66000, 67000, 68000, 69000, 70000], [0.86368644301217423, 0.86807965625516448, 0.87340935382581386, 0.86898859692612795, 0.86422354431774362, 0.86668870159202338, 0.870365779760921, 0.86750123946455138, 0.86623423125654164, 0.86992508125378731], [0.83509612736186856, 0.84253291466975155, 0.82980774527626289, 0.83768523109127968, 0.84001267008208014, 0.84103178537982703, 0.83769900291962762, 0.83688646504709963, 0.84382746653445717, 0.84494298463063955])
([71000, 72000, 73000, 74000, 75000, 76000, 77000, 78000, 79000, 80000], [0.85160854955103837, 0.87287225252024458, 0.86918140252299891, 0.86546300886905747, 0.86422354431774362, 0.86791439431498929, 0.86908499972456343, 0.8681898308819479, 0.87106814300666557, 0.86973227565691624], [0.83831873519528455, 0.84345562716906297, 0.83824987605354484, 0.84247782735635979, 0.84105932903652292, 0.84228502175948883, 0.83899355478433313, 0.84174792045391944, 0.84289098220679781, 0.84408913127306784])
([81000, 82000, 83000, 84000, 85000, 86000, 87000, 88000, 89000, 90000], [0.86382416129565365, 0.87153638517049525, 0.8749517986007822, 0.87150884151379937, 0.86053269432049795, 0.86817605905359996, 0.87031069244752934, 0.86809342808351242, 0.87101305569327381, 0.86864430121742964], [0.84334545254227955, 0.84294606952018947, 0.83869057456067864, 0.84112818817826251, 0.84083897978295596, 0.8428221230650581, 0.84302870049027712, 0.8335123671018565, 0.84477772269046436, 0.84691235608439375])
([91000, 92000, 93000, 94000, 95000, 96000, 97000, 98000, 99000, 100000], [0.87077893461135902, 0.87356084393764122, 0.87522723516774081, 0.87252795681154627, 0.86847903927725445, 0.87039332341761688, 0.8711094584917094, 0.87237646669971902, 0.87288602434859253, 0.86766650140472645], [0.84454360160854958, 0.84072880515617254, 0.84377237922106541, 0.84267063295323086, 0.84161020217044014, 0.84665069134578308, 0.83915881672450832, 0.84008152922381973, 0.84329036522888778, 0.84751831653170273])
([1000, 2000, 3000, 4000, 5000, 6000, 7000, 8000, 9000, 10000, 11000, 12000, 13000, 14000, 15000, 16000, 17000], [0.58702183056278789, 0.66199345750717664, 0.68095333466853591, 0.73576340209626812, 0.72361305828159428, 0.7567928433139729, 0.77508511916683354, 0.78536617931771147, 0.79511315842179053, 0.80245677281527472, 0.8011883303291274, 0.81333867414380134, 0.81827892382669076, 0.82175045063088326, 0.81807864343414116, 0.83570331797850328, 0.83082982842646369], [0.71086187328927164, 0.73916816876961078, 0.78436477735496357, 0.79604780025368849, 0.79691568195473661, 0.78663462180385868, 0.80686294145136528, 0.81193671139595436, 0.79684892182388678, 0.80692970158221511, 0.8106015087789572, 0.79437879698244207, 0.80239001268442489, 0.81287135322785231, 0.81300487348955208, 0.81180319113425459, 0.81781160291074173])
([18000, 19000, 20000, 21000, 22000, 23000, 24000, 25000, 26000, 27000, 28000, 29000, 30000, 31000, 32000, 33000, 34000, 35000], [0.83196475065091124, 0.83730556111889975, 0.8433139728953869, 0.83884104412844651, 0.85386207356966426, 0.85119166833566995, 0.85025702650377188, 0.85459643500901261, 0.85372855330796449, 0.85666599906535823, 0.8561986781494092, 0.85686627945790772, 0.86033780626210032, 0.85546431671006073, 0.85132518859736961, 0.85085786768142069, 0.84858802323252558, 0.85713331998130715], [0.82288537285533081, 0.8206155284064357, 0.80632886040456642, 0.82241805193938178, 0.8294278656786167, 0.82622337939782364, 0.82014820749048667, 0.82622337939782364, 0.82782562253822012, 0.82855998397756858, 0.82789238266907006, 0.82835970358501898, 0.82201749115428269, 0.82522197743507575, 0.81707724147139327, 0.82054876827558587, 0.81313839375125174, 0.82949462580946665])
([36000, 37000, 38000, 39000, 40000, 41000, 42000, 43000, 44000, 45000, 46000, 47000, 48000, 49000, 50000, 51000, 52000, 53000], [0.85766740102810601, 0.84451565525068428, 0.85392883370051409, 0.8521263101675679, 0.86434341411309168, 0.8561986781494092, 0.86314173175779429, 0.86340877228119361, 0.86113892783229851, 0.86340877228119361, 0.86514453568328997, 0.86587889712263832, 0.86748114026303491, 0.86067160691634959, 0.86574537686093866, 0.86300821149609452, 0.86314173175779429, 0.86694705921623605], [0.83410107483810669, 0.81761132251819213, 0.83196475065091124, 0.83343347352960806, 0.83570331797850328, 0.833500233660458, 0.82929434541691704, 0.83456839575405573, 0.83343347352960806, 0.82361973429467916, 0.83723880098804992, 0.83910808465184594, 0.82835970358501898, 0.81607583950864537, 0.8292275852860671, 0.83597035850190271, 0.83470191601575539, 0.83770612190399896])
([54000, 55000, 56000, 57000, 58000, 59000, 60000, 61000, 62000, 63000, 64000, 65000, 66000, 67000, 68000, 69000, 70000, 71000], [0.85659923893450829, 0.84798718205487678, 0.86674677882368645, 0.86768142065558451, 0.87021830562787905, 0.8717537886374257, 0.86995126510447962, 0.8692836637959811, 0.86988450497362968, 0.86647973830028713, 0.87188730889912547, 0.86788170104813411, 0.8748247546565191, 0.87001802523532945, 0.86814874157153343, 0.87021830562787905, 0.8648107350290406, 0.86975098471193002], [0.83597035850190271, 0.83516923693170442, 0.83296615261365914, 0.83563655784765345, 0.84277989184858804, 0.8461846585219307, 0.84010948661459373, 0.8332999532679084, 0.83463515588490556, 0.8330996728753588, 0.8328993924828092, 0.84298017224113764, 0.83456839575405573, 0.84204553040923957, 0.82782562253822012, 0.84251285132518861, 0.83817344281994788, 0.84071032779224253])
([72000, 73000, 74000, 75000, 76000, 77000, 78000, 79000, 80000, 81000, 82000, 83000, 84000, 85000, 86000, 87000, 88000, 89000], [0.87048534615127848, 0.85786768142065561, 0.87015154549702922, 0.87389011282462115, 0.87669403832031512, 0.87555911609586756, 0.87328927164697245, 0.87228786968422456, 0.87128646772147667, 0.86821550170238337, 0.87275519060017359, 0.87061886641297814, 0.87449095400226984, 0.86848254222578269, 0.87469123439481944, 0.87068562654382808, 0.86935042392683093, 0.86701381934708588], [0.83857400360504708, 0.83650443954870157, 0.8337005140530076, 0.8431136925028373, 0.83984244609119441, 0.84458241538153411, 0.82896054476266778, 0.83583683824020294, 0.82936110554776687, 0.839041324520996, 0.84144468923159088, 0.84084384805394219, 0.83743908138059953, 0.84464917551238394, 0.83703852059550043, 0.83984244609119441, 0.84037652713799316, 0.84271313171773821])
([90000, 91000, 92000, 93000, 94000, 95000, 96000, 97000, 98000, 99000, 100000, 101000, 102000, 103000, 104000, 105000, 106000, 107000], [0.86861606248748247, 0.87001802523532945, 0.87335603177782228, 0.87368983243207154, 0.87228786968422456, 0.87382335269377132, 0.87729487949796381, 0.88069964617130647, 0.87101942719807735, 0.8709526670672274, 0.87015154549702922, 0.86821550170238337, 0.87375659256292137, 0.87729487949796381, 0.87469123439481944, 0.87222110955337473, 0.87402363308632092, 0.87248815007677416], [0.8361706388944522, 0.83550303758595368, 0.83416783496895652, 0.84438213498898462, 0.84137792910074105, 0.84565057747513184, 0.84391481407303559, 0.8392416049135456, 0.83029574737966483, 0.83683824020295083, 0.84371453368048599, 0.83256559182855994, 0.83990920622204424, 0.84144468923159088, 0.84471593564323388, 0.84391481407303559, 0.84424861472728485, 0.84545029708258235])
([108000, 109000, 110000, 111000, 112000, 113000, 114000, 115000, 116000, 117000, 118000, 119000, 120000, 121000, 122000, 123000, 124000, 125000], [0.86901662327258156, 0.87375659256292137, 0.87802924093731227, 0.87402363308632092, 0.87469123439481944, 0.87035182588957871, 0.87782896054476267, 0.87455771413311967, 0.87729487949796381, 0.87602643701181648, 0.87615995727351625, 0.87342279190867211, 0.87702783897456438, 0.87495827491821887, 0.87589291675011682, 0.86948394418853059, 0.8788971226383604, 0.87549235596501773], [0.83743908138059953, 0.84010948661459373, 0.84264637158688838, 0.84558381734428201, 0.8431136925028373, 0.83790640229654856, 0.84838774283997598, 0.83937512517524537, 0.84064356766139259, 0.84097736831564185, 0.84404833433473536, 0.8300287068562654, 0.83797316242739839, 0.84591761799853127, 0.84224581080178917, 0.83583683824020294, 0.84745310100807791, 0.84772014153147746])
([126000, 127000, 128000, 129000, 130000, 131000, 132000, 133000, 134000, 135000, 136000, 137000, 138000, 139000, 140000, 141000, 142000, 143000], [0.87429067360972024, 0.87909740303091, 0.87589291675011682, 0.87609319714266642, 0.87869684224581079, 0.87949796381600909, 0.87963148407770875, 0.87669403832031512, 0.87542559583416779, 0.87469123439481944, 0.87876360237666062, 0.87696107884371455, 0.87842980172241136, 0.8807664063021563, 0.87983176447025835, 0.87288871086187325, 0.87495827491821887, 0.87903064290006006], [0.84418185459643502, 0.84545029708258235, 0.84464917551238394, 0.84631817878363047, 0.84671873956872956, 0.83917484478269577, 0.8459843781293811, 0.84545029708258235, 0.84117764870819145, 0.84324721276453696, 0.84778690166232729, 0.84211229054008951, 0.84625141865278053, 0.85072434741972092, 0.84678549969957939, 0.84898858401762467, 0.83597035850190271, 0.84972294545697313])
([144000, 145000, 146000, 147000, 148000, 149000, 150000, 151000, 152000, 153000, 154000, 155000, 156000, 157000, 158000, 159000, 160000, 161000], [0.8788971226383604, 0.87742839975966347, 0.87429067360972024, 0.87615995727351625, 0.87615995727351625, 0.87656051805861535, 0.87796248080646233, 0.8780960010681621, 0.8782962814607117, 0.87802924093731227, 0.88036584551705721, 0.87689431871286472, 0.8752253154416183, 0.88049936577875698, 0.87863008211496096, 0.87849656185326119, 0.87929768342345949, 0.87769544028306301], [0.84678549969957939, 0.84458241538153411, 0.84464917551238394, 0.84565057747513184, 0.84818746244742638, 0.84464917551238394, 0.84798718205487678, 0.84571733760598167, 0.83476867614660522, 0.84424861472728485, 0.84391481407303559, 0.8396421656986448, 0.83990920622204424, 0.85152546898991921, 0.84605113826023093, 0.85012350624207222, 0.84671873956872956, 0.84438213498898462])
([162000, 163000, 164000, 165000, 166000, 167000, 168000, 169000, 170000, 171000, 172000, 173000, 174000, 175000, 176000, 177000, 178000, 179000], [0.87796248080646233, 0.8809666866947059, 0.8748247546565191, 0.87709459910541421, 0.87762868015221307, 0.87929768342345949, 0.87909740303091, 0.88036584551705721, 0.87883036250751045, 0.88063288604045664, 0.88089992656385607, 0.87976500433940852, 0.87929768342345949, 0.87929768342345949, 0.88023232525535744, 0.87529207557246813, 0.88089992656385607, 0.8748247546565191], [0.84812070231657655, 0.84211229054008951, 0.84725282061552842, 0.84171172975499031, 0.84832098270912615, 0.84111088857734162, 0.84484945590493354, 0.84444889511983445, 0.84605113826023093, 0.84438213498898462, 0.84731958074637825, 0.84424861472728485, 0.84705254022297882, 0.85025702650377188, 0.84731958074637825, 0.84611789839108087, 0.83690500033380066, 0.84264637158688838])
([1000], [0.66507054167547808], [0.77132110812362165])
([2000, 3000], [0.69865714026766557, 0.74012114437630283], [0.79170568864988977, 0.77307332104770254])
([4000, 5000], [0.75709948339929301, 0.7873553669073442], [0.79649406362345543, 0.79979456813993532])
([6000, 7000], [0.79447750823237973, 0.79601069454095041], [0.80431860064650618, 0.80409202138908187])
([8000, 9000], [0.79670553759705143, 0.81468837799462257], [0.80651641944352137, 0.81162955801939518])
([10000, 11000], [0.81403129814809216, 0.81202229539893056], [0.81004350321742546, 0.8134572973626174])
([12000, 13000], [0.81458264100782452, 0.82401589075858739], [0.81762635569922359, 0.82023956980151658])
([14000, 15000], [0.82012628017280442, 0.8141143772091477], [0.82286033654572366, 0.81511132594181446])
([16000, 17000], [0.81956738467115797, 0.83094166339385511], [0.81965046373221351, 0.81989214827346601])
([18000, 19000], [0.83128153227999158, 0.83063200507537538], [0.82568502462161264, 0.82147065043352163])
([1000, 2000, 3000, 4000, 5000, 6000, 7000, 8000, 9000, 10000], [0.63220645731732583, 0.64977964439163893, 0.7191191301825014, 0.76010941795725517, 0.77152093723664394, 0.7724189381484603, 0.77250183054032018, 0.79296243593108873, 0.79868201096942648, 0.78373374963734577], [0.75434839672298748, 0.75520495143887378, 0.78069436193581365, 0.78043186936159037, 0.78488042772474198, 0.79601563903126427, 0.80940276031664893, 0.81182045507923128, 0.8082422668306094, 0.78394098061699569])
([11000, 12000, 13000, 14000, 15000, 16000, 17000, 18000, 19000, 20000], [0.81961233991406823, 0.81349211831507395, 0.82846801044444141, 0.83259881463879637, 0.83377312352347932, 0.83627371067792167, 0.83576254092811841, 0.83837365127170749, 0.83761380434632438, 0.82051034082588448], [0.79455120677507152, 0.81311910255170416, 0.82052415622452779, 0.82208529627122395, 0.80764820468894627, 0.8164624290233895, 0.82180898829835736, 0.82352209773012996, 0.8229832971830402, 0.81680781398947266])
([21000, 22000, 23000, 24000, 25000, 26000, 27000, 28000, 29000, 30000], [0.8435820565602421, 0.84355442576295536, 0.84762996836273707, 0.84475636544492494, 0.83902297500794387, 0.85042067888868933, 0.85666523907547354, 0.84845889228133675, 0.84477018084356825, 0.84924637000400649], [0.81856236961717532, 0.83069228962601716, 0.82292803558846694, 0.82158794192006412, 0.82824696406614806, 0.8291311495793211, 0.82947653454540426, 0.82856471823494471, 0.83407706229363243, 0.83375930812483601])
([31000, 32000, 33000, 34000, 35000, 36000, 37000, 38000, 39000, 40000], [0.85571197656908393, 0.8538883439481646, 0.85358440517801137, 0.85713496262934663, 0.85788099415608632, 0.85865465648011274, 0.8650373706533302, 0.8569139162510534, 0.86013290413494881, 0.86498210905875683], [0.82576019231034914, 0.83533426357017526, 0.82468259121616949, 0.8344224472597157, 0.83290275340894959, 0.83359352334111603, 0.83596977190776833, 0.83172844452426675, 0.83871903623779065, 0.8397137449401102])
([41000, 42000, 43000, 44000, 45000, 46000, 47000, 48000, 49000, 50000], [0.85507646823149086, 0.85858557948689607, 0.85985659616208232, 0.85391597474545122, 0.8580467789398063, 0.85978751916886564, 0.86536894022077004, 0.85772902477100976, 0.86582484837599982, 0.86601826395700643], [0.83226724507135652, 0.8339527237058425, 0.83360733873975934, 0.8301673044775707, 0.83094096680159701, 0.83855325145407067, 0.83623226448199162, 0.82589834629678238, 0.8348921708135888, 0.84041833027091994])
([51000, 52000, 53000, 54000, 55000, 56000, 57000, 58000, 59000, 60000], [0.86637746432173302, 0.85741127060221323, 0.86382161557271742, 0.86121050522912834, 0.86722020363897601, 0.86163878258707149, 0.86878134368567206, 0.87016288355000482, 0.86491303206554027, 0.86646035671359301], [0.83655001865078815, 0.83642568006299822, 0.8399071605211168, 0.83929928298081036, 0.84079134603428984, 0.8362184490833483, 0.8424491938714892, 0.83956177555503364, 0.83978282193332687, 0.8354586021579653])
([61000, 62000, 63000, 64000, 65000, 66000, 67000, 68000, 69000, 70000], [0.86010527333766218, 0.86556235580177665, 0.86442949311302375, 0.86325518422834091, 0.86933395963140514, 0.86760703480098922, 0.86565906359227995, 0.85879281046654599, 0.86784189657792576, 0.87172402359670087], [0.83713026539380797, 0.84356824116159879, 0.84162026995288952, 0.84155119295967284, 0.83972756033875351, 0.83946506776453034, 0.83638423386706817, 0.83424284707735241, 0.8453780583838747, 0.84544713537709137])
([71000, 72000, 73000, 74000, 75000, 76000, 77000, 78000, 79000, 80000], [0.86773137338877915, 0.86677811088238954, 0.86922343644225852, 0.868062942956219, 0.86713731124711602, 0.86067170468203857, 0.86767611179420578, 0.86495447826147021, 0.86860174350330877, 0.86716494204440275], [0.84250445546606245, 0.83916112899437711, 0.84595830512689441, 0.84957793957144634, 0.84296036362129234, 0.84203473191218936, 0.84470110385035158, 0.84214525510133598, 0.84250445546606245, 0.83351063094925604])
([81000, 82000, 83000, 84000, 85000, 86000, 87000, 88000, 89000, 90000], [0.86773137338877915, 0.86803531215893237, 0.87193125457635079, 0.86991420637442496, 0.87190362377906416, 0.86705441885525603, 0.87277399389359378, 0.86455383170081368, 0.87137863863061771, 0.86918199024632858], [0.83945125236588702, 0.83968611414282357, 0.84269787104706906, 0.84559910476216793, 0.84533661218794465, 0.84609645911332776, 0.84649710567398428, 0.83789011231919097, 0.83532044817153195, 0.84315377920229895])
([91000, 92000, 93000, 94000, 95000, 96000, 97000, 98000, 99000, 100000, 101000], [0.86764848099691916, 0.87021814514457818, 0.87158586961026763, 0.86395976955915066, 0.87451473412265313, 0.87295359407595707, 0.86831162013179886, 0.87027340673915143, 0.87340950223118685, 0.87006617575950151, 0.86644654131494958], [0.84148211596645628, 0.83831838967713412, 0.84099857701393976, 0.84331956398601882, 0.84045977646684999, 0.84551621237030794, 0.84323667159415883, 0.83816642029205757, 0.84811350731525359, 0.84325048699280214, 0.84546095077573469])
([1000, 2000, 3000, 4000, 5000, 6000, 7000, 8000, 9000, 10000, 11000, 12000, 13000, 14000, 15000, 16000, 17000], [0.62879392971246006, 0.67365548455804047, 0.72277689030883918, 0.73548988285410011, 0.74580670926517567, 0.77322949946751862, 0.79379659211927578, 0.80045260915867944, 0.80131789137380194, 0.79858892438764639, 0.82155218317358891, 0.81436368477103305, 0.82055378061767836, 0.83013844515441959, 0.82454739084132056, 0.82601171458998934, 0.83213525026624069], [0.70101171458998934, 0.75705537806176781, 0.78354632587859419, 0.79386315228966986, 0.8031150159744409, 0.79699148029818956, 0.80391373801916932, 0.81462992545260915, 0.80857294994675188, 0.81150159744408945, 0.80857294994675188, 0.81482960596379128, 0.81369808306709268, 0.82002129925452616, 0.81329872204472842, 0.819888178913738, 0.81955537806176781])
([18000, 19000, 20000, 21000, 22000, 23000, 24000, 25000, 26000, 27000, 28000, 29000, 30000, 31000, 32000, 33000, 34000, 35000], [0.82727635782747599, 0.83978966986155479, 0.84211927582534618, 0.84644568690095845, 0.84211927582534618, 0.83785942492012777, 0.84890841320553778, 0.85842651757188504, 0.85197018104366351, 0.85503194888178913, 0.85250266240681571, 0.84870873269435565, 0.85702875399361023, 0.85157082002129925, 0.85782747603833864, 0.85310170394036211, 0.85669595314164004, 0.86108892438764639], [0.8218849840255591, 0.82887380191693294, 0.82661075612353563, 0.82661075612353563, 0.82987220447284349, 0.82095314164004263, 0.83160276890308837, 0.83300053248136319, 0.83313365282215124, 0.83193556975505856, 0.83193556975505856, 0.83599574014909472, 0.8241480298189563, 0.82973908413205533, 0.8369275825346113, 0.83107028753993606, 0.82827476038338654, 0.82388178913738019])
([36000, 37000, 38000, 39000, 40000, 41000, 42000, 43000, 44000, 45000, 46000, 47000, 48000, 49000, 50000, 51000, 52000, 53000], [0.85216986155484564, 0.85376730564430248, 0.85742811501597438, 0.86175452609158676, 0.85050585729499462, 0.86275292864749731, 0.86268636847710334, 0.86707933972310969, 0.86395101171458999, 0.86774494142705005, 0.86235356762513315, 0.86574813631522896, 0.86667997870074553, 0.85716187433439828, 0.86182108626198084, 0.85855963791267309, 0.86009052183173584, 0.86754526091586792], [0.83333333333333337, 0.83100372736954209, 0.83433173588924392, 0.83626198083067094, 0.84045527156549515, 0.83486421725239612, 0.82767571884984026, 0.83339989350372734, 0.83473109691160807, 0.83639510117145899, 0.83572949946751862, 0.83839190628328009, 0.83499733759318429, 0.83226837060702874, 0.8443157614483493, 0.83413205537806179, 0.83160276890308837, 0.83958998935037277])
([54000, 55000, 56000, 57000, 58000, 59000, 60000, 61000, 62000, 63000, 64000, 65000, 66000, 67000, 68000, 69000, 70000, 71000], [0.867611821086262, 0.86654685835995737, 0.86781150159744413, 0.86481629392971249, 0.86927582534611292, 0.86661341853035145, 0.8696086261980831, 0.87260383386581464, 0.86634717784877524, 0.86794462193823219, 0.87200479233226835, 0.86927582534611292, 0.86634717784877524, 0.86088924387646437, 0.86182108626198084, 0.86122204472843444, 0.85862619808306706, 0.87313631522896695], [0.83765974440894575, 0.83972310969116082, 0.83945686900958472, 0.84351703940362088, 0.84538072417465382, 0.83679446219382325, 0.83792598509052185, 0.84331735889243875, 0.84305111821086265, 0.83792598509052185, 0.8411874334398296, 0.84558040468583595, 0.83652822151224704, 0.83000532481363154, 0.84078807241746545, 0.8371938232161874, 0.82867412140575081, 0.8443157614483493])
([72000, 73000, 74000, 75000, 76000, 77000, 78000, 79000, 80000, 81000, 82000, 83000, 84000, 85000, 86000, 87000, 88000, 89000], [0.86115548455804047, 0.86208732694355694, 0.87133919062832799, 0.8736022364217253, 0.87180511182108622, 0.87280351437699677, 0.87054046858359957, 0.87406815761448353, 0.8721379126730564, 0.86974174653887115, 0.8747337593184239, 0.8730031948881789, 0.87014110756123531, 0.86048988285410011, 0.86867678381256652, 0.87067358892438762, 0.87067358892438762, 0.87626464323748665], [0.84152023429179978, 0.84398296059637912, 0.8420527156549521, 0.84791001064962723, 0.84578008519701808, 0.84764376996805113, 0.84225239616613412, 0.84737752928647492, 0.84398296059637912, 0.83832534611288612, 0.84391640042598515, 0.84112087326943552, 0.84258519701810441, 0.83759318423855167, 0.847444089456869, 0.84478168264110753, 0.84384984025559107, 0.85103833865814693])
([90000, 91000, 92000, 93000, 94000, 95000, 96000, 97000, 98000, 99000, 100000, 101000, 102000, 103000, 104000, 105000, 106000, 107000], [0.87113951011714597, 0.86501597444089451, 0.8736022364217253, 0.87366879659211927, 0.87320287539936103, 0.87519968051118213, 0.87420127795527158, 0.87493343982960603, 0.87313631522896695, 0.8704739084132056, 0.875, 0.87313631522896695, 0.87646432374866878, 0.86441693290734822, 0.87260383386581464, 0.87732960596379128, 0.86328541001064962, 0.87872736954206598], [0.84571352502662411, 0.8443157614483493, 0.83985623003194887, 0.84558040468583595, 0.84844249201277955, 0.8503061767838126, 0.84045527156549515, 0.84564696485623003, 0.83899094781682637, 0.84531416400425985, 0.84225239616613412, 0.8483093716719915, 0.8380591054313099, 0.84171991480298192, 0.8440495207667732, 0.8423189563365282, 0.84491480298189559, 0.85003993610223638])
([108000, 109000, 110000, 111000, 112000, 113000, 114000, 115000, 116000, 117000, 118000, 119000, 120000, 121000, 122000, 123000, 124000, 125000], [0.87706336528221507, 0.8704739084132056, 0.87366879659211927, 0.8778620873269436, 0.87253727369542067, 0.87506656017039408, 0.87493343982960603, 0.87732960596379128, 0.87486687965921195, 0.86721246006389774, 0.87373535676251335, 0.87739616613418536, 0.87719648562300323, 0.86920926517571884, 0.87373535676251335, 0.8778620873269436, 0.86441693290734822, 0.87453407880724177], [0.8471778487752929, 0.83859158679446222, 0.84271831735889247, 0.84671192758253455, 0.84930777422790205, 0.85323482428115016, 0.83952342917997869, 0.84391640042598515, 0.84797657082002131, 0.84611288604898827, 0.8454472843450479, 0.84824281150159742, 0.84617944621938235, 0.84651224707135253, 0.84491480298189559, 0.84464856230031948, 0.84671192758253455, 0.85137113951011711])
([126000, 127000, 128000, 129000, 130000, 131000, 132000, 133000, 134000, 135000, 136000, 137000, 138000, 139000, 140000, 141000, 142000, 143000], [0.8789936102236422, 0.87659744408945683, 0.87067358892438762, 0.87806176783812562, 0.86861022364217255, 0.87406815761448353, 0.87659744408945683, 0.87846112886048988, 0.87619808306709268, 0.86974174653887115, 0.87659744408945683, 0.8781283280085197, 0.87712992545260915, 0.87140575079872207, 0.87719648562300323, 0.87892705005324812, 0.86641373801916932, 0.87659744408945683], [0.84504792332268375, 0.84611288604898827, 0.84052183173588924, 0.84997337593184241, 0.84784345047923326, 0.85077209797657083, 0.84737752928647492, 0.84731096911608095, 0.84365015974440893, 0.84504792332268375, 0.8471778487752929, 0.85123801916932906, 0.8434504792332268, 0.84338391906283283, 0.8517039403620873, 0.84504792332268375, 0.847444089456869, 0.85097177848775296])
([144000, 145000, 146000, 147000, 148000, 149000, 150000, 151000, 152000, 153000, 154000, 155000, 156000, 157000, 158000, 159000, 160000, 161000], [0.87799520766773165, 0.873269435569755, 0.87140575079872207, 0.8747337593184239, 0.87346911608093714, 0.87619808306709268, 0.87659744408945683, 0.87859424920127793, 0.87253727369542067, 0.87519968051118213, 0.8730031948881789, 0.8741347177848775, 0.87559904153354629, 0.87579872204472842, 0.87892705005324812, 0.87659744408945683, 0.86887646432374865, 0.87866080937167201], [0.84837593184238558, 0.84784345047923326, 0.8465788072417465, 0.8503061767838126, 0.84777689030883918, 0.84784345047923326, 0.85177050053248138, 0.84604632587859419, 0.84458200212992551, 0.84411608093716717, 0.85043929712460065, 0.85017305644302454, 0.84604632587859419, 0.84438232161874338, 0.85123801916932906, 0.84444888178913735, 0.84904153354632594, 0.84997337593184241])
([162000, 163000, 164000, 165000, 166000, 167000, 168000, 169000, 170000, 171000, 172000, 173000, 174000, 175000, 176000, 177000, 178000, 179000], [0.86841054313099042, 0.87646432374866878, 0.87140575079872207, 0.87579872204472842, 0.87220447284345048, 0.87599840255591055, 0.8763977635782747, 0.87539936102236426, 0.87852768903088396, 0.87579872204472842, 0.87406815761448353, 0.87167199148029817, 0.8747337593184239, 0.87406815761448353, 0.88105697550585726, 0.8747337593184239, 0.87027422790202347, 0.87746272630457933], [0.84052183173588924, 0.85183706070287535, 0.84784345047923326, 0.84764376996805113, 0.84691160809371668, 0.83872470713525027, 0.85150425985090528, 0.85070553780617675, 0.85090521831735888, 0.84644568690095845, 0.8485756123535676, 0.8494408945686901, 0.84757720979765705, 0.84771033013844521, 0.85083865814696491, 0.84817625133120345, 0.85123801916932906, 0.84964057507987223])
([1000, 2000], [0.63938382152071638, 0.67683259978752464], [0.75649567460919709, 0.77652906359083318])
([3000, 4000], [0.74248747913188651, 0.76512369100015176], [0.79336773410229167, 0.80302018515707996])
([5000, 6000], [0.78118834421004701, 0.7769008954317802], [0.80400667779632717, 0.8083700106237669])
([7000, 8000], [0.80522841098801035, 0.8135984216117772], [0.81325694339049925, 0.80029594779177415])
([9000, 10000], [0.81532857793291846, 0.81870541812111097], [0.81193656093489153, 0.81001669449081803])
([11000, 12000], [0.82739414175140391, 0.82929124298072543], [0.80915161633024735, 0.81609500682956448])
([13000, 14000], [0.83261496433449689, 0.83031567764455905], [0.8207846410684474, 0.81438002731825776])
([15000, 16000], [0.83293367734102297, 0.83353316132948851], [0.81648960388526337, 0.81765821824252538])
([17000, 18000], [0.83302473820003031, 0.83800273182577023], [0.82077705266353007, 0.81960084990135074])
([19000, 20000], [0.8339277583851874, 0.83665958415541053], [0.81365154044619814, 0.81774169069661551])
([1000, 2000, 3000, 4000, 5000, 6000, 7000, 8000, 9000, 10000], [0.60381390761137599, 0.67306427749465725, 0.71708038796646389, 0.71949147898514987, 0.76964491204997532, 0.77115184393665404, 0.76127459038851442, 0.7957559318318812, 0.81129102964546007, 0.78682393555811281], [0.71871061428023453, 0.76175406871609397, 0.78502931667488629, 0.7922625897309441, 0.7975779494766837, 0.80192065318647598, 0.8109622445065483, 0.80346868321551868, 0.81270206586662286, 0.80520850457559323])
([11000, 12000, 13000, 14000, 15000, 16000, 17000, 18000, 19000, 20000], [0.80994849032823713, 0.81634610115622774, 0.81405830456463368, 0.83116883116883122, 0.8285385500575374, 0.83504575593183183, 0.83934736149926026, 0.83751164447366977, 0.83277165872102588, 0.82804537234916986], [0.80140007671653235, 0.81148282097649183, 0.81329113924050633, 0.81642829744095569, 0.80257822346429941, 0.82078470053153596, 0.82179845470984714, 0.82664803550879506, 0.80709901912433557, 0.81879829031727769])
([21000, 22000, 23000, 24000, 25000, 26000, 27000, 28000, 29000, 30000], [0.8182092169433941, 0.84943010575921973, 0.84736149926023341, 0.85070414817250262, 0.84529289276124719, 0.85269055838676089, 0.85500575373993093, 0.8487588361006082, 0.85323853361828039, 0.84481341443366764], [0.80863334977259027, 0.82133267576305546, 0.83136062249986298, 0.81596251849416412, 0.82430544139404893, 0.81733245657296294, 0.83020987451367201, 0.8267302317935229, 0.83434708751164444, 0.82415474820538115])
([31000, 32000, 33000, 34000, 35000, 36000, 37000, 38000, 39000, 40000], [0.85238917200942521, 0.85618390048769799, 0.85290974847936873, 0.85511534878623485, 0.85363581566113211, 0.86128007014082963, 0.85925256178420739, 0.85404679708477182, 0.86163625404131738, 0.84796427201490499], [0.82382596306646938, 0.82716861197873859, 0.83536084168995561, 0.82560688256890791, 0.82488081538714453, 0.83271686119787391, 0.83014137760973206, 0.82575757575757569, 0.83325113704860543, 0.82886733519644906])
([41000, 42000, 43000, 44000, 45000, 46000, 47000, 48000, 49000, 50000], [0.86043070853197434, 0.8624308181270206, 0.85495095621677897, 0.85636199243794175, 0.85214258315524138, 0.86181434599156115, 0.86184174475313713, 0.85867718779111191, 0.86600635651268565, 0.84953970080552366], [0.83167570825798676, 0.83421009370376464, 0.83948435530714005, 0.8253328949531481, 0.83401830237273278, 0.83463477450819223, 0.83177160392350269, 0.82375746616252943, 0.84025152063126751, 0.8323058797742342])
([51000, 52000, 53000, 54000, 55000, 56000, 57000, 58000, 59000, 60000], [0.86158145651816542, 0.86562277385062192, 0.85680037262315745, 0.85966354320784699, 0.85788262370540846, 0.86708860759493667, 0.86069099676694616, 0.85943065373445116, 0.86270480574278041, 0.85688256890788539], [0.83429228998849259, 0.83623760206038689, 0.8349498602663159, 0.82234642994136664, 0.83600471258699105, 0.83623760206038689, 0.83774453394706561, 0.83149761630774288, 0.83790892651652149, 0.83995013425393172])
([61000, 62000, 63000, 64000, 65000, 66000, 67000, 68000, 69000, 70000], [0.8610471806674338, 0.86586936270480575, 0.86573236889692584, 0.8641158419639432, 0.86628034412844546, 0.86785577291906402, 0.86711600635651265, 0.86234862184229266, 0.86573236889692584, 0.85692366705024936], [0.83373061537618498, 0.82815496739547378, 0.82888103457723705, 0.82605896213491148, 0.83519644912049973, 0.83956655159186799, 0.83703216614609022, 0.83600471258699105, 0.83897747821798452, 0.83804592032440128])
([71000, 72000, 73000, 74000, 75000, 76000, 77000, 78000, 79000, 80000], [0.86337607540139183, 0.86670502493287305, 0.86619814784371751, 0.86229382431914081, 0.87056825031508578, 0.86592416022795771, 0.86811606115403583, 0.86037591100882238, 0.86382815496739551, 0.86630774289002144], [0.83968984601895991, 0.83304564633678557, 0.83504575593183183, 0.83811441722834124, 0.83966244725738393, 0.83681297605348237, 0.83899117759877251, 0.83256616800920602, 0.84211463641843387, 0.83995013425393172])
([81000, 82000, 83000, 84000, 85000, 86000, 87000, 88000, 89000, 90000], [0.85960874568469503, 0.87029426269932597, 0.86541728313880206, 0.86366376239793963, 0.8666365280289331, 0.87032166146090195, 0.87008877198750612, 0.85915666611869146, 0.86755438654172834, 0.8677461778727602], [0.83915557016822839, 0.83875828812537678, 0.84023782125047952, 0.84174475313715824, 0.84311469121595706, 0.83682667543427036, 0.83762123951997369, 0.83331963395254538, 0.84414214477505611, 0.8351005534549838])
([91000, 92000, 93000, 94000, 95000, 96000, 97000, 98000, 99000, 100000], [0.8574168447586169, 0.86930790728259089, 0.85891007726450763, 0.86591046084716972, 0.86840374815058363, 0.87045865526878186, 0.8720751822017645, 0.86164995342210537, 0.86845854567373548, 0.87181489396679268], [0.83995013425393172, 0.84127897419036657, 0.83026467203682397, 0.84233382651104172, 0.84129267357115456, 0.84312839059674505, 0.84155296180612638, 0.83795002465888535, 0.84479971505287965, 0.84171735437558226])
([1000, 2000, 3000, 4000, 5000, 6000, 7000, 8000, 9000, 10000, 11000, 12000, 13000, 14000, 15000, 16000, 17000], [0.59887921139693479, 0.66997501856728103, 0.69353858618594288, 0.7455269731955978, 0.76031328066977244, 0.76733508878536227, 0.78205387887381006, 0.800148538248599, 0.80615758557828643, 0.81196408075079329, 0.80852069407872529, 0.81162649382215923, 0.81662278036594427, 0.82783066639659708, 0.83215177908311388, 0.84018634798460601, 0.83201674431166028], [0.71116062386064405, 0.76132604145567484, 0.78569981770305852, 0.77969077037337109, 0.79008844777530207, 0.80581999864965226, 0.79812301667679431, 0.80095874687732094, 0.80798055499291066, 0.8171629194517589, 0.81493484572277364, 0.82141651475254873, 0.82006616703801227, 0.82087637566673421, 0.81918844102356358, 0.82587266221051925, 0.82107892782391467])
([18000, 19000, 20000, 21000, 22000, 23000, 24000, 25000, 26000, 27000, 28000, 29000, 30000, 31000, 32000, 33000, 34000, 35000], [0.83235433124029434, 0.83708054824117206, 0.84335966511376681, 0.84822091688609813, 0.84687056917156167, 0.84930119505772739, 0.85132671662953208, 0.84997636891499562, 0.84261697387077172, 0.86361488083181426, 0.85456755114441973, 0.85517520761596111, 0.84984133414354202, 0.84450746067112281, 0.85436499898723928, 0.86057659847410706, 0.85618796840186351, 0.85814597258794145], [0.81581257173722233, 0.82465734926743639, 0.81486732833704678, 0.82641280129633377, 0.82594017959624599, 0.80811558976436437, 0.82654783606778748, 0.81925595840929044, 0.83053136182567011, 0.83019377489703605, 0.8229018972385389, 0.83019377489703605, 0.82924853149686051, 0.8337046789548308, 0.83478495712646006, 0.82715549253932885, 0.8334346094119236, 0.83039632705421651])
([36000, 37000, 38000, 39000, 40000, 41000, 42000, 43000, 44000, 45000, 46000, 47000, 48000, 49000, 50000, 51000, 52000, 53000], [0.85726824657349265, 0.86077915063128752, 0.86523529808925792, 0.86692323273242855, 0.86840861521841872, 0.86273715481736546, 0.86300722436027277, 0.862534602660185, 0.8605090810883802, 0.87259469313348181, 0.86030652893119974, 0.86523529808925792, 0.86219701573155083, 0.8560529336304098, 0.86503274593207746, 0.86753088920397003, 0.86293970697454592, 0.86705826750388226], [0.83046384443994326, 0.83188170954020657, 0.82506245358179731, 0.83640537438390383, 0.83282695294038211, 0.82148403213827559, 0.83512254405509423, 0.82715549253932885, 0.83606778745526977, 0.83876848288434269, 0.83417730065491869, 0.83613530484099652, 0.83870096549861595, 0.83809330902707446, 0.83863344811288909, 0.83363716156910406, 0.83336709202619674, 0.84018634798460601])
([54000, 55000, 56000, 57000, 58000, 59000, 60000, 61000, 62000, 63000, 64000, 65000, 66000, 67000, 68000, 69000, 70000, 71000], [0.86165687664573631, 0.86793599351833095, 0.86800351090405781, 0.87374248869083793, 0.8732023496050233, 0.86489771116062386, 0.86597798933225301, 0.86645061103234089, 0.86975896293295518, 0.87529538856255484, 0.86510026331780432, 0.86948889339004798, 0.86915130646141381, 0.86172439403146317, 0.86969144554722844, 0.86888123691850649, 0.86921882384714066, 0.8700290324758625], [0.83903855242725001, 0.83910606981297686, 0.83235433124029434, 0.84038890014178658, 0.83762068732698669, 0.83235433124029434, 0.84221186955641081, 0.8325568833974748, 0.84572277361420567, 0.84450746067112281, 0.8357302005266356, 0.83728310039835252, 0.8441023563567619, 0.84221186955641081, 0.83930862197015732, 0.83248936601174806, 0.83991627844169869, 0.8451151171426643])
([72000, 73000, 74000, 75000, 76000, 77000, 78000, 79000, 80000, 81000, 82000, 83000, 84000, 85000, 86000, 87000, 88000, 89000], [0.86658564580379449, 0.87272972790493553, 0.87144689757612581, 0.87468773209101347, 0.87414759300519884, 0.86415501991762877, 0.86888123691850649, 0.87056917156167712, 0.86861116737559918, 0.87522787117682799, 0.86894875430423335, 0.86746337181824318, 0.8730673148335697, 0.86530281547498478, 0.86942137600432112, 0.87137938019039907, 0.87245965836202821, 0.86908378907568695], [0.84113159138478155, 0.84234690432786441, 0.83897103504152315, 0.8430895955708595, 0.84322463034231321, 0.83525757882654783, 0.8377557220984404, 0.8377557220984404, 0.84518263452839104, 0.8485585038147323, 0.83735061778407938, 0.83944365674161103, 0.84599284315711298, 0.84342718249949367, 0.8462629127000203, 0.83856593072716223, 0.84471001282830327, 0.84531766929984475])
([90000, 91000, 92000, 93000, 94000, 95000, 96000, 97000, 98000, 99000, 100000, 101000, 102000, 103000, 104000, 105000, 106000, 107000], [0.86989399770440889, 0.8744851799338329, 0.87394504084801838, 0.87590304503409633, 0.87725339274863279, 0.86786847613260409, 0.86793599351833095, 0.8710417932617649, 0.86719330227533586, 0.8766457362770913, 0.87137938019039907, 0.86921882384714066, 0.87353993653365736, 0.87151441496185267, 0.86685571534670181, 0.8744851799338329, 0.87394504084801838, 0.86800351090405781], [0.83924110458443046, 0.84302207818513264, 0.83363716156910406, 0.84369725204240087, 0.84714063871446899, 0.8347174397407332, 0.8441023563567619, 0.84146917831341572, 0.84254945648504487, 0.85044899061508339, 0.83809330902707446, 0.84065896968469378, 0.84180676524204978, 0.84545270407129836, 0.84606036054283984, 0.8452501519141179, 0.84734319087164944, 0.84592532577138613])
([108000, 109000, 110000, 111000, 112000, 113000, 114000, 115000, 116000, 117000, 118000, 119000, 120000, 121000, 122000, 123000, 124000, 125000], [0.87029910201876981, 0.87543042333400845, 0.87556545810546216, 0.87678077104854502, 0.87630814934845724, 0.86962392816150158, 0.87110931064749175, 0.87286476267638924, 0.86847613260414558, 0.87799608399162787, 0.87252717574775507, 0.87225710620484775, 0.87468773209101347, 0.86935385861859427, 0.86935385861859427, 0.87705084059145233, 0.87360745391938421, 0.86921882384714066], [0.84160421308486932, 0.84315711295658635, 0.83944365674161103, 0.84477753021403013, 0.8451151171426643, 0.83768820471271355, 0.84680305178583481, 0.84545270407129836, 0.84248193909931812, 0.85024643845790293, 0.84140166092768887, 0.84275200864222533, 0.84579029099993241, 0.84072648707042064, 0.84693808655728853, 0.8475457430288299, 0.84795084734319093, 0.84822091688609813])
([126000, 127000, 128000, 129000, 130000, 131000, 132000, 133000, 134000, 135000, 136000, 137000, 138000, 139000, 140000, 141000, 142000, 143000], [0.87624063196273039, 0.87543042333400845, 0.87799608399162787, 0.87819863614880833, 0.87617311457700353, 0.87225710620484775, 0.87347241914793061, 0.8753629059482817, 0.87495780163392078, 0.87900884477753016, 0.86975896293295518, 0.87482276686246707, 0.87610559719127679, 0.86928634123286752, 0.87083924110458444, 0.8786712578488961, 0.8754979407197353, 0.86915130646141381], [0.84457497805684967, 0.8451151171426643, 0.83870096549861595, 0.84774829518601036, 0.84464249544257641, 0.84079400445614749, 0.84808588211464453, 0.84504759975693744, 0.8442373911282155, 0.84896360812909322, 0.84356221727094727, 0.84768077780028361, 0.84774829518601036, 0.83829586118425492, 0.84889609074336647, 0.84990885152926876, 0.84714063871446899, 0.84774829518601036])
([144000, 145000, 146000, 147000, 148000, 149000, 150000, 151000, 152000, 153000, 154000, 155000, 156000, 157000, 158000, 159000, 160000, 161000], [0.87799608399162787, 0.87590304503409633, 0.87826615353453519, 0.87900884477753016, 0.87846870569171565, 0.87441766254810616, 0.87576801026264262, 0.87732091013435964, 0.87732091013435964, 0.88224967929241782, 0.87610559719127679, 0.87698332320572547, 0.8796840186347985, 0.86915130646141381, 0.87495780163392078, 0.88278981837823234, 0.87698332320572547, 0.87286476267638924], [0.84342718249949367, 0.84788332995746407, 0.83870096549861595, 0.84896360812909322, 0.8452501519141179, 0.84531766929984475, 0.84903112551482007, 0.84916616028627367, 0.84261697387077172, 0.84963878198636145, 0.84646546485720076, 0.84984133414354202, 0.84450746067112281, 0.83903855242725001, 0.85146175140098579, 0.8497062993720883, 0.84727567348592259, 0.84842346904327859])
([162000, 163000, 164000, 165000, 166000, 167000, 168000, 169000, 170000, 171000, 172000, 173000, 174000, 175000, 176000, 177000, 178000, 179000], [0.88184457497805679, 0.87921139693471073, 0.88069677942070079, 0.88123691850651542, 0.88130443589224228, 0.87711835797717908, 0.88022415772061302, 0.87941394909189119, 0.87948146647761805, 0.88515292687867131, 0.8788062926203497, 0.87698332320572547, 0.88170954020660319, 0.86489771116062386, 0.87610559719127679, 0.88366754439268114, 0.87455269731955976, 0.87482276686246707], [0.84450746067112281, 0.84545270407129836, 0.837890756869894, 0.84977381675781516, 0.84585780838565927, 0.84504759975693744, 0.84835595165755184, 0.84943622982918099, 0.84450746067112281, 0.8486935385861859, 0.84599284315711298, 0.84896360812909322, 0.84403483897103504, 0.84153669569914258, 0.85328472081561002, 0.84896360812909322, 0.8451151171426643, 0.8497062993720883])
